请求方式:GET
请求路径:/getforum
请求状态:304
上下文长度:undefined
反应时间:123.944ms

请求方式:GET
请求路径:/getKnowledgeList
请求状态:304
上下文长度:undefined
反应时间:135.339ms

请求方式:GET
请求路径:/getKnowledgeTop
请求状态:304
上下文长度:undefined
反应时间:136.211ms

请求方式:GET
请求路径:/getActivity
请求状态:304
上下文长度:undefined
反应时间:146.378ms

请求方式:POST
请求路径:/addStu
请求状态:200
上下文长度:37
反应时间:22.291ms

请求方式:POST
请求路径:/getPower
请求状态:200
上下文长度:247
反应时间:3.239ms

请求方式:POST
请求路径:/logins
请求状态:200
上下文长度:106
反应时间:6.592ms

请求方式:GET
请求路径:/getMydata
请求状态:200
上下文长度:247
反应时间:2.915ms

请求方式:GET
请求路径:/getMydata
请求状态:200
上下文长度:247
反应时间:2.123ms

请求方式:GET
请求路径:/getConsult?limit=8&page=1&query=
请求状态:200
上下文长度:56
反应时间:12.053ms

请求方式:GET
请求路径:/getForum3?limit=8&page=1&query=
请求状态:200
上下文长度:56
反应时间:5.854ms

请求方式:GET
请求路径:/getKnowledgesList
请求状态:304
上下文长度:undefined
反应时间:7.318ms

请求方式:GET
请求路径:/getActivitysList
请求状态:304
上下文长度:undefined
反应时间:2.498ms

请求方式:GET
请求路径:/activityData/1
请求状态:200
上下文长度:7895
反应时间:20.153ms

请求方式:POST
请求路径:/addConsult
请求状态:200
上下文长度:37
反应时间:15.032ms

请求方式:POST
请求路径:/login
请求状态:200
上下文长度:105
反应时间:4.756ms

请求方式:GET
请求路径:/getConsoleForum
请求状态:304
上下文长度:undefined
反应时间:9.997ms

请求方式:GET
请求路径:/getConsoleKnowledge
请求状态:304
上下文长度:undefined
反应时间:10.470ms

请求方式:GET
请求路径:/getConsoleActivity
请求状态:304
上下文长度:undefined
反应时间:12.533ms

请求方式:GET
请求路径:/getConsoleForums
请求状态:304
上下文长度:undefined
反应时间:2.140ms

请求方式:GET
请求路径:/getConsoleRemark
请求状态:304
上下文长度:undefined
反应时间:5.193ms

请求方式:GET
请求路径:/getConsoleUser
请求状态:200
上下文长度:46
反应时间:5.701ms

请求方式:GET
请求路径:/getConsoleConsult
请求状态:200
上下文长度:47
反应时间:5.610ms

请求方式:GET
请求路径:/getConsoleContact
请求状态:304
上下文长度:undefined
反应时间:8.221ms

请求方式:GET
请求路径:/getConsoleUser
请求状态:304
上下文长度:undefined
反应时间:6.777ms

请求方式:GET
请求路径:/getConsoleForum
请求状态:304
上下文长度:undefined
反应时间:9.119ms

请求方式:GET
请求路径:/getConsoleKnowledge
请求状态:304
上下文长度:undefined
反应时间:11.852ms

请求方式:GET
请求路径:/getConsoleActivity
请求状态:304
上下文长度:undefined
反应时间:9.505ms

请求方式:GET
请求路径:/getConsoleForums
请求状态:304
上下文长度:undefined
反应时间:8.623ms

请求方式:GET
请求路径:/getConsoleRemark
请求状态:304
上下文长度:undefined
反应时间:6.884ms

请求方式:GET
请求路径:/getConsoleConsult
请求状态:304
上下文长度:undefined
反应时间:1.036ms

请求方式:GET
请求路径:/getConsoleContact
请求状态:304
上下文长度:undefined
反应时间:0.740ms

请求方式:GET
请求路径:/getConsults?limit=10&page=1&query=
请求状态:200
上下文长度:2303
反应时间:5.392ms

请求方式:GET
请求路径:/getForum2?limit=10&page=1&query=
请求状态:304
上下文长度:undefined
反应时间:4.926ms

请求方式:GET
请求路径:/userData/7
请求状态:304
上下文长度:undefined
反应时间:6.871ms

请求方式:GET
请求路径:/forumData/49
请求状态:304
上下文长度:undefined
反应时间:8.537ms

请求方式:GET
请求路径:/remarkData/49
请求状态:304
上下文长度:undefined
反应时间:9.253ms

请求方式:POST
请求路径:/addRemark
请求状态:200
上下文长度:37
反应时间:7.086ms

请求方式:GET
请求路径:/forumData/49
请求状态:304
上下文长度:undefined
反应时间:4.004ms

请求方式:GET
请求路径:/userData/7
请求状态:304
上下文长度:undefined
反应时间:6.496ms

请求方式:GET
请求路径:/remarkData/49
请求状态:200
上下文长度:245
反应时间:2.281ms

请求方式:POST
请求路径:/addForumUser
请求状态:200
上下文长度:37
反应时间:14.232ms

请求方式:GET
请求路径:/getForums?limit=5&page=1&query=
请求状态:200
上下文长度:1222
反应时间:11.231ms

请求方式:POST
请求路径:/editForumState
请求状态:200
上下文长度:55
反应时间:10.139ms

请求方式:GET
请求路径:/getActivitysList
请求状态:304
上下文长度:undefined
反应时间:2.117ms

请求方式:GET
请求路径:/getForum2?limit=10&page=1&query=
请求状态:200
上下文长度:4123
反应时间:3.060ms

请求方式:GET
请求路径:/getForum2?limit=10&page=1&query=
请求状态:304
上下文长度:undefined
反应时间:4.630ms

请求方式:GET
请求路径:/getForum2?limit=10&page=2&query=
请求状态:200
上下文长度:845
反应时间:3.395ms

请求方式:GET
请求路径:/userData/65
请求状态:200
上下文长度:247
反应时间:1.167ms

请求方式:GET
请求路径:/forumData/68
请求状态:200
上下文长度:255
反应时间:1.160ms

请求方式:GET
请求路径:/remarkData/68
请求状态:200
上下文长度:46
反应时间:1.904ms

请求方式:GET
请求路径:/getKnowledgesList
请求状态:304
上下文长度:undefined
反应时间:4.939ms

请求方式:GET
请求路径:/getMydata
请求状态:304
上下文长度:undefined
反应时间:3.342ms

请求方式:GET
请求路径:/getMydata
请求状态:200
上下文长度:247
反应时间:3.186ms

请求方式:GET
请求路径:/getConsult?limit=8&page=1&query=
请求状态:200
上下文长度:299
反应时间:5.272ms

请求方式:GET
请求路径:/getForum3?limit=8&page=1&query=
请求状态:200
上下文长度:265
反应时间:4.023ms

请求方式:GET
请求路径:/getKnowledgesList
请求状态:304
上下文长度:undefined
反应时间:5.926ms

请求方式:GET
请求路径:/getForum2?limit=10&page=1&query=
请求状态:304
上下文长度:undefined
反应时间:5.968ms

请求方式:GET
请求路径:/getKnowledgesList
请求状态:304
上下文长度:undefined
反应时间:4.179ms

请求方式:GET
请求路径:/getActivitysList
请求状态:304
上下文长度:undefined
反应时间:3.264ms

请求方式:GET
请求路径:/getKnowledgeTop
请求状态:304
上下文长度:undefined
反应时间:4.421ms

请求方式:GET
请求路径:/getKnowledgeList
请求状态:304
上下文长度:undefined
反应时间:4.497ms

请求方式:GET
请求路径:/getActivity
请求状态:304
上下文长度:undefined
反应时间:4.033ms

请求方式:GET
请求路径:/getforum
请求状态:200
上下文长度:4901
反应时间:4.792ms

请求方式:GET
请求路径:/activityData/2
请求状态:304
上下文长度:undefined
反应时间:3.597ms

请求方式:GET
请求路径:/getKnowledgesList
请求状态:304
上下文长度:undefined
反应时间:3.973ms

请求方式:GET
请求路径:/getKnowledge2jijiu
请求状态:304
上下文长度:undefined
反应时间:1.335ms

请求方式:GET
请求路径:/getKnowledge2paobu
请求状态:304
上下文长度:undefined
反应时间:1.710ms

请求方式:GET
请求路径:/getKnowledgesList
请求状态:304
上下文长度:undefined
反应时间:3.977ms

请求方式:GET
请求路径:/getForum2?limit=10&page=1&query=
请求状态:304
上下文长度:undefined
反应时间:8.595ms

请求方式:GET
请求路径:/getActivitysList
请求状态:304
上下文长度:undefined
反应时间:2.034ms

请求方式:GET
请求路径:/getForum2?limit=10&page=1&query=
请求状态:304
上下文长度:undefined
反应时间:2.763ms

请求方式:GET
请求路径:/getForum2?limit=10&page=1&query=%E6%B8%B8%E6%B3%B3
请求状态:200
上下文长度:302
反应时间:10.623ms

请求方式:GET
请求路径:/forumData/55
请求状态:304
上下文长度:undefined
反应时间:2.669ms

请求方式:GET
请求路径:/userData/21
请求状态:304
上下文长度:undefined
反应时间:2.955ms

请求方式:GET
请求路径:/remarkData/55
请求状态:304
上下文长度:undefined
反应时间:2.244ms

请求方式:GET
请求路径:/getForum2?limit=10&page=1&query=
请求状态:304
上下文长度:undefined
反应时间:34.737ms

请求方式:GET
请求路径:/getForum2?limit=10&page=1&query=%E6%BB%91%E9%9B%AA
请求状态:200
上下文长度:348
反应时间:2.411ms

请求方式:GET
请求路径:/forumData/56
请求状态:304
上下文长度:undefined
反应时间:3.792ms

请求方式:GET
请求路径:/userData/1
请求状态:304
上下文长度:undefined
反应时间:2.948ms

请求方式:GET
请求路径:/remarkData/56
请求状态:304
上下文长度:undefined
反应时间:2.588ms

请求方式:GET
请求路径:/getForum2?limit=10&page=1&query=
请求状态:304
上下文长度:undefined
反应时间:2.438ms

请求方式:GET
请求路径:/getForum2?limit=10&page=1&query=%E6%B8%B8%E6%B3%B3
请求状态:304
上下文长度:undefined
反应时间:2.337ms

请求方式:GET
请求路径:/forumData/55
请求状态:304
上下文长度:undefined
反应时间:1.847ms

请求方式:GET
请求路径:/userData/21
请求状态:304
上下文长度:undefined
反应时间:3.222ms

请求方式:GET
请求路径:/remarkData/55
请求状态:304
上下文长度:undefined
反应时间:3.936ms

请求方式:GET
请求路径:/getActivitysList
请求状态:304
上下文长度:undefined
反应时间:2.563ms

请求方式:GET
请求路径:/getKnowledgesList
请求状态:304
上下文长度:undefined
反应时间:5.881ms

请求方式:GET
请求路径:/getKnowledge2paobu
请求状态:304
上下文长度:undefined
反应时间:1.328ms

请求方式:GET
请求路径:/getKnowledge2tubu
请求状态:304
上下文长度:undefined
反应时间:3.475ms

请求方式:GET
请求路径:/getKnowledge2jijiu
请求状态:304
上下文长度:undefined
反应时间:1.698ms

请求方式:GET
请求路径:/getKnowledgesList
请求状态:304
上下文长度:undefined
反应时间:5.793ms

请求方式:GET
请求路径:/getForum2?limit=10&page=1&query=
请求状态:304
上下文长度:undefined
反应时间:7.404ms

请求方式:GET
请求路径:/getActivitysList
请求状态:304
上下文长度:undefined
反应时间:2.617ms

请求方式:GET
请求路径:/activityData/11
请求状态:304
上下文长度:undefined
反应时间:4.695ms

请求方式:GET
请求路径:/getActivity
请求状态:304
上下文长度:undefined
反应时间:1.719ms

请求方式:GET
请求路径:/getforum
请求状态:304
上下文长度:undefined
反应时间:1.259ms

请求方式:GET
请求路径:/getKnowledgeList
请求状态:304
上下文长度:undefined
反应时间:2.559ms

请求方式:GET
请求路径:/getKnowledgeTop
请求状态:304
上下文长度:undefined
反应时间:2.820ms

